# JRE version: Java(TM) SE Runtime Environment (8.0_221-b11) (build 1.8.0_221-b11)
# Java VM: Java HotSpot(TM) 64-Bit Server VM (25.221-b11 mixed mode windows-amd64 compressed oops)
Heap:
 PSYoungGen      total 952320K, used 312039K [0x000000076b500000, 0x00000007a9a80000, 0x00000007c0000000)
  eden space 886784K, 27% used [0x000000076b500000,0x000000077a5ba258,0x00000007a1700000)
  from space 65536K, 99% used [0x00000007a1700000,0x00000007a56ffd78,0x00000007a5700000)
  to   space 61952K, 0% used [0x00000007a5700000,0x00000007a5700000,0x00000007a9380000)
 ParOldGen       total 628736K, used 216880K [0x00000006c1e00000, 0x00000006e8400000, 0x000000076b500000)
  object space 628736K, 34% used [0x00000006c1e00000,0x00000006cf1cc2d0,0x00000006e8400000)
 Metaspace       used 156734K, capacity 158551K, committed 159144K, reserved 1187840K
  class space    used 20523K, capacity 21167K, committed 21168K, reserved 1048576K
GC Heap History (10 events):
Event: 24.002 GC heap before
{Heap before GC invocations=17 (full 3):
 PSYoungGen      total 826368K, used 717630K [0x000000076b500000, 0x00000007a5300000, 0x00000007c0000000)
  eden space 768000K, 89% used [0x000000076b500000,0x0000000795593cb0,0x000000079a300000)
  from space 58368K, 49% used [0x000000079a300000,0x000000079bf3be80,0x000000079dc00000)
  to   space 55296K, 0% used [0x00000007a1d00000,0x00000007a1d00000,0x00000007a5300000)
 ParOldGen       total 435712K, used 135320K [0x00000006c1e00000, 0x00000006dc780000, 0x000000076b500000)
  object space 435712K, 31% used [0x00000006c1e00000,0x00000006ca2262a0,0x00000006dc780000)
 Metaspace       used 96898K, capacity 97988K, committed 98600K, reserved 1136640K
  class space    used 11953K, capacity 12287K, committed 12336K, reserved 1048576K
Event: 24.049 GC heap after
Heap after GC invocations=17 (full 3):
 PSYoungGen      total 885760K, used 53881K [0x000000076b500000, 0x00000007a5b80000, 0x00000007c0000000)
  eden space 830464K, 0% used [0x000000076b500000,0x000000076b500000,0x000000079e000000)
  from space 55296K, 97% used [0x00000007a1d00000,0x00000007a519e6a8,0x00000007a5300000)
  to   space 62464K, 0% used [0x000000079e000000,0x000000079e000000,0x00000007a1d00000)
 ParOldGen       total 435712K, used 135328K [0x00000006c1e00000, 0x00000006dc780000, 0x000000076b500000)
  object space 435712K, 31% used [0x00000006c1e00000,0x00000006ca2282a0,0x00000006dc780000)
 Metaspace       used 96898K, capacity 97988K, committed 98600K, reserved 1136640K
  class space    used 11953K, capacity 12287K, committed 12336K, reserved 1048576K
}
Event: 24.049 GC heap before
{Heap before GC invocations=18 (full 4):
 PSYoungGen      total 885760K, used 53881K [0x000000076b500000, 0x00000007a5b80000, 0x00000007c0000000)
  eden space 830464K, 0% used [0x000000076b500000,0x000000076b500000,0x000000079e000000)
  from space 55296K, 97% used [0x00000007a1d00000,0x00000007a519e6a8,0x00000007a5300000)
  to   space 62464K, 0% used [0x000000079e000000,0x000000079e000000,0x00000007a1d00000)
 ParOldGen       total 435712K, used 135328K [0x00000006c1e00000, 0x00000006dc780000, 0x000000076b500000)
  object space 435712K, 31% used [0x00000006c1e00000,0x00000006ca2282a0,0x00000006dc780000)
 Metaspace       used 96898K, capacity 97988K, committed 98600K, reserved 1136640K
  class space    used 11953K, capacity 12287K, committed 12336K, reserved 1048576K
Event: 24.566 GC heap after
Heap after GC invocations=18 (full 4):
 PSYoungGen      total 885760K, used 0K [0x000000076b500000, 0x00000007a5b80000, 0x00000007c0000000)
  eden space 830464K, 0% used [0x000000076b500000,0x000000076b500000,0x000000079e000000)
  from space 55296K, 0% used [0x00000007a1d00000,0x00000007a1d00000,0x00000007a5300000)
  to   space 62464K, 0% used [0x000000079e000000,0x000000079e000000,0x00000007a1d00000)
 ParOldGen       total 628736K, used 185111K [0x00000006c1e00000, 0x00000006e8400000, 0x000000076b500000)
  object space 628736K, 29% used [0x00000006c1e00000,0x00000006cd2c5f00,0x00000006e8400000)
 Metaspace       used 96898K, capacity 97988K, committed 98600K, reserved 1136640K
  class space    used 11953K, capacity 12287K, committed 12336K, reserved 1048576K
}
Event: 36.377 GC heap before
{Heap before GC invocations=19 (full 4):
 PSYoungGen      total 885760K, used 830464K [0x000000076b500000, 0x00000007a5b80000, 0x00000007c0000000)
  eden space 830464K, 100% used [0x000000076b500000,0x000000079e000000,0x000000079e000000)
  from space 55296K, 0% used [0x00000007a1d00000,0x00000007a1d00000,0x00000007a5300000)
  to   space 62464K, 0% used [0x000000079e000000,0x000000079e000000,0x00000007a1d00000)
 ParOldGen       total 628736K, used 185111K [0x00000006c1e00000, 0x00000006e8400000, 0x000000076b500000)
  object space 628736K, 29% used [0x00000006c1e00000,0x00000006cd2c5f00,0x00000006e8400000)
 Metaspace       used 117332K, capacity 119105K, committed 119720K, reserved 1153024K
  class space    used 14562K, capacity 15208K, committed 15280K, reserved 1048576K
Event: 36.399 GC heap after
Heap after GC invocations=19 (full 4):
 PSYoungGen      total 892928K, used 38635K [0x000000076b500000, 0x00000007a9380000, 0x00000007c0000000)
  eden space 830464K, 0% used [0x000000076b500000,0x000000076b500000,0x000000079e000000)
  from space 62464K, 61% used [0x000000079e000000,0x00000007a05badd8,0x00000007a1d00000)
  to   space 61952K, 0% used [0x00000007a5700000,0x00000007a5700000,0x00000007a9380000)
 ParOldGen       total 628736K, used 185119K [0x00000006c1e00000, 0x00000006e8400000, 0x000000076b500000)
  object space 628736K, 29% used [0x00000006c1e00000,0x00000006cd2c7f00,0x00000006e8400000)
 Metaspace       used 117332K, capacity 119105K, committed 119720K, reserved 1153024K
  class space    used 14562K, capacity 15208K, committed 15280K, reserved 1048576K
}
Event: 39.055 GC heap before
{Heap before GC invocations=20 (full 4):
 PSYoungGen      total 892928K, used 869099K [0x000000076b500000, 0x00000007a9380000, 0x00000007c0000000)
  eden space 830464K, 100% used [0x000000076b500000,0x000000079e000000,0x000000079e000000)
  from space 62464K, 61% used [0x000000079e000000,0x00000007a05badd8,0x00000007a1d00000)
  to   space 61952K, 0% used [0x00000007a5700000,0x00000007a5700000,0x00000007a9380000)
 ParOldGen       total 628736K, used 185119K [0x00000006c1e00000, 0x00000006e8400000, 0x000000076b500000)
  object space 628736K, 29% used [0x00000006c1e00000,0x00000006cd2c7f00,0x00000006e8400000)
 Metaspace       used 140644K, capacity 142369K, committed 143016K, reserved 1173504K
  class space    used 18167K, capacity 18824K, committed 18864K, reserved 1048576K
Event: 39.083 GC heap after
Heap after GC invocations=20 (full 4):
 PSYoungGen      total 948736K, used 48706K [0x000000076b500000, 0x00000007a9a80000, 0x00000007c0000000)
  eden space 886784K, 0% used [0x000000076b500000,0x000000076b500000,0x00000007a1700000)
  from space 61952K, 78% used [0x00000007a5700000,0x00000007a8690888,0x00000007a9380000)
  to   space 65536K, 0% used [0x00000007a1700000,0x00000007a1700000,0x00000007a5700000)
 ParOldGen       total 628736K, used 185127K [0x00000006c1e00000, 0x00000006e8400000, 0x000000076b500000)
  object space 628736K, 29% used [0x00000006c1e00000,0x00000006cd2c9f00,0x00000006e8400000)
 Metaspace       used 140644K, capacity 142369K, committed 143016K, reserved 1173504K
  class space    used 18167K, capacity 18824K, committed 18864K, reserved 1048576K
}
Event: 42.578 GC heap before
{Heap before GC invocations=21 (full 4):
 PSYoungGen      total 948736K, used 935490K [0x000000076b500000, 0x00000007a9a80000, 0x00000007c0000000)
  eden space 886784K, 100% used [0x000000076b500000,0x00000007a1700000,0x00000007a1700000)
  from space 61952K, 78% used [0x00000007a5700000,0x00000007a8690888,0x00000007a9380000)
  to   space 65536K, 0% used [0x00000007a1700000,0x00000007a1700000,0x00000007a5700000)
 ParOldGen       total 628736K, used 185127K [0x00000006c1e00000, 0x00000006e8400000, 0x000000076b500000)
  object space 628736K, 29% used [0x00000006c1e00000,0x00000006cd2c9f00,0x00000006e8400000)
 Metaspace       used 154060K, capacity 155851K, committed 156456K, reserved 1185792K
  class space    used 20123K, capacity 20781K, committed 20784K, reserved 1048576K
Event: 42.634 GC heap after
Heap after GC invocations=21 (full 4):
 PSYoungGen      total 952320K, used 65535K [0x000000076b500000, 0x00000007a9a80000, 0x00000007c0000000)
  eden space 886784K, 0% used [0x000000076b500000,0x000000076b500000,0x00000007a1700000)
  from space 65536K, 99% used [0x00000007a1700000,0x00000007a56ffd78,0x00000007a5700000)
  to   space 61952K, 0% used [0x00000007a5700000,0x00000007a5700000,0x00000007a9380000)
 ParOldGen       total 628736K, used 216880K [0x00000006c1e00000, 0x00000006e8400000, 0x000000076b500000)
  object space 628736K, 34% used [0x00000006c1e00000,0x00000006cf1cc2d0,0x00000006e8400000)
 Metaspace       used 154060K, capacity 155851K, committed 156456K, reserved 1185792K
  class space    used 20123K, capacity 20781K, committed 20784K, reserved 1048576K
}

